<?xml version="1.0" encoding="UTF-8"?>
<!-- Generated by org.testng.reporters.JUnitXMLReporter -->
<testsuite ignored="0" hostname="DESKTOP-8T2G67J" failures="0" tests="2" name="Application_Test3" time="0.059" errors="0" timestamp="2022-08-23T13:33:38 PDT">
  <testcase classname="mavenTestGroupID.MavenTest2022.TestNG_ListenersTest3" name="testMethod1" time="0.004"/>
  <testcase classname="mavenTestGroupID.MavenTest2022.TestNG_ListenersTest3" name="testMethod2" time="0.0"/>
</testsuite> <!-- Application_Test3 -->
