<?xml version="1.0" encoding="UTF-8"?>
<!-- Generated by org.testng.reporters.JUnitXMLReporter -->
<testsuite ignored="0" hostname="DESKTOP-8T2G67J" failures="0" tests="4" name="Command line test" time="0.075" errors="0" timestamp="2022-08-19T13:04:45 PDT">
  <testcase classname="mavenTestGroupID.MavenTest2022.TestNG_ListenersTest3" name="testMethod1" time="0.003"/>
  <testcase classname="mavenTestGroupID.MavenTest2022.TestNG_ListenersTest3" name="testMethod2" time="0.0"/>
  <testcase classname="mavenTestGroupID.MavenTest2022.TestNG_ListenersTest4" name="testMethod1" time="0.0"/>
  <testcase classname="mavenTestGroupID.MavenTest2022.TestNG_ListenersTest4" name="testMethod2" time="0.001"/>
</testsuite> <!-- Command line test -->
