<?xml version="1.0" encoding="UTF-8"?>
<!-- Generated by org.testng.reporters.JUnitXMLReporter -->
<testsuite ignored="0" hostname="DESKTOP-8T2G67J" failures="0" tests="2" name="Application Test4" time="0.005" errors="0" timestamp="2022-07-21T14:36:52 PDT">
  <testcase classname="mavenTestGroupID.MavenTest2022.TestNG_ListenersTest4" name="testMethod1" time="0.001"/>
  <testcase classname="mavenTestGroupID.MavenTest2022.TestNG_ListenersTest4" name="testMethod2" time="0.0"/>
</testsuite> <!-- Application Test4 -->
