<?xml version="1.0" encoding="UTF-8"?>
<testng-results ignored="0" total="5" passed="5" failed="0" skipped="0">
  <reporter-output>
  </reporter-output>
  <suite started-at="2022-08-19T16:05:48 PDT" name="ExtentReports_eeeeTestSuite" finished-at="2022-08-19T16:06:05 PDT" duration-ms="17052">
    <groups>
    </groups>
    <test started-at="2022-08-19T16:05:48 PDT" name="ExtentReportsDemo1___________Test" finished-at="2022-08-19T16:06:05 PDT" duration-ms="17052">
      <class name="mavenTestGroupID.MavenTest2022.ExtentReportsDemo1">
        <test-method is-config="true" signature="setUp()[pri:0, instance:mavenTestGroupID.MavenTest2022.ExtentReportsDemo1@4b45a2f5]" started-at="2022-08-19T16:05:48 PDT" name="setUp" finished-at="2022-08-19T16:05:50 PDT" duration-ms="2731" status="PASS">
          <reporter-output>
          </reporter-output>
        </test-method> <!-- setUp -->
        <test-method signature="test1_validLoginTest()[pri:0, instance:mavenTestGroupID.MavenTest2022.ExtentReportsDemo1@4b45a2f5]" started-at="2022-08-19T16:05:50 PDT" name="test1_validLoginTest" finished-at="2022-08-19T16:06:02 PDT" duration-ms="11491" status="PASS">
          <reporter-output>
          </reporter-output>
        </test-method> <!-- test1_validLoginTest -->
        <test-method is-config="true" signature="tearDown()[pri:0, instance:mavenTestGroupID.MavenTest2022.ExtentReportsDemo1@4b45a2f5]" started-at="2022-08-19T16:06:02 PDT" name="tearDown" finished-at="2022-08-19T16:06:05 PDT" duration-ms="2784" status="PASS">
          <reporter-output>
          </reporter-output>
        </test-method> <!-- tearDown -->
      </class> <!-- mavenTestGroupID.MavenTest2022.ExtentReportsDemo1 -->
    </test> <!-- ExtentReportsDemo1___________Test -->
  </suite> <!-- ExtentReports_eeeeTestSuite -->
  <suite started-at="2022-08-19T16:06:05 PDT" name="Listeners3_4__eeeeTestSuite" finished-at="2022-08-19T16:06:05 PDT" duration-ms="10">
    <groups>
    </groups>
    <test started-at="2022-08-19T16:06:05 PDT" name="Application_eeee_________Test3" finished-at="2022-08-19T16:06:05 PDT" duration-ms="3">
      <class name="mavenTestGroupID.MavenTest2022.TestNG_ListenersTest3">
        <test-method signature="testMethod1()[pri:0, instance:mavenTestGroupID.MavenTest2022.TestNG_ListenersTest3@5032714f]" started-at="2022-08-19T16:06:05 PDT" name="testMethod1" finished-at="2022-08-19T16:06:05 PDT" duration-ms="1" status="PASS">
          <reporter-output>
          </reporter-output>
        </test-method> <!-- testMethod1 -->
        <test-method is-config="true" signature="setUp()[pri:0, instance:mavenTestGroupID.MavenTest2022.TestNG_ListenersTest3@5032714f]" started-at="2022-08-19T16:06:05 PDT" name="setUp" finished-at="2022-08-19T16:06:05 PDT" duration-ms="0" status="PASS">
          <reporter-output>
          </reporter-output>
        </test-method> <!-- setUp -->
        <test-method signature="testMethod2()[pri:0, instance:mavenTestGroupID.MavenTest2022.TestNG_ListenersTest3@5032714f]" started-at="2022-08-19T16:06:05 PDT" name="testMethod2" finished-at="2022-08-19T16:06:05 PDT" duration-ms="0" status="PASS">
          <reporter-output>
          </reporter-output>
        </test-method> <!-- testMethod2 -->
        <test-method is-config="true" signature="cleanUp()[pri:0, instance:mavenTestGroupID.MavenTest2022.TestNG_ListenersTest3@5032714f]" started-at="2022-08-19T16:06:05 PDT" name="cleanUp" finished-at="2022-08-19T16:06:05 PDT" duration-ms="0" status="PASS">
          <reporter-output>
          </reporter-output>
        </test-method> <!-- cleanUp -->
      </class> <!-- mavenTestGroupID.MavenTest2022.TestNG_ListenersTest3 -->
    </test> <!-- Application_eeee_________Test3 -->
    <test started-at="2022-08-19T16:06:05 PDT" name="Application_eeee_______Test4" finished-at="2022-08-19T16:06:05 PDT" duration-ms="3">
      <class name="mavenTestGroupID.MavenTest2022.TestNG_ListenersTest4">
        <test-method is-config="true" signature="setUp()[pri:0, instance:mavenTestGroupID.MavenTest2022.TestNG_ListenersTest4@1caa0244]" started-at="2022-08-19T16:06:05 PDT" name="setUp" finished-at="2022-08-19T16:06:05 PDT" duration-ms="1" status="PASS">
          <reporter-output>
          </reporter-output>
        </test-method> <!-- setUp -->
        <test-method signature="testMethod1()[pri:0, instance:mavenTestGroupID.MavenTest2022.TestNG_ListenersTest4@1caa0244]" started-at="2022-08-19T16:06:05 PDT" name="testMethod1" finished-at="2022-08-19T16:06:05 PDT" duration-ms="0" status="PASS">
          <reporter-output>
          </reporter-output>
        </test-method> <!-- testMethod1 -->
        <test-method signature="testMethod2()[pri:0, instance:mavenTestGroupID.MavenTest2022.TestNG_ListenersTest4@1caa0244]" started-at="2022-08-19T16:06:05 PDT" name="testMethod2" finished-at="2022-08-19T16:06:05 PDT" duration-ms="0" status="PASS">
          <reporter-output>
          </reporter-output>
        </test-method> <!-- testMethod2 -->
        <test-method is-config="true" signature="cleanUp()[pri:0, instance:mavenTestGroupID.MavenTest2022.TestNG_ListenersTest4@1caa0244]" started-at="2022-08-19T16:06:05 PDT" name="cleanUp" finished-at="2022-08-19T16:06:05 PDT" duration-ms="1" status="PASS">
          <reporter-output>
          </reporter-output>
        </test-method> <!-- cleanUp -->
      </class> <!-- mavenTestGroupID.MavenTest2022.TestNG_ListenersTest4 -->
    </test> <!-- Application_eeee_______Test4 -->
  </suite> <!-- Listeners3_4__eeeeTestSuite -->
</testng-results>
