<?xml version="1.0" encoding="UTF-8"?>
<testsuite xmlns:xsi="http://www.w3.org/2001/XMLSchema-instance" xsi:noNamespaceSchemaLocation="https://maven.apache.org/surefire/maven-surefire-plugin/xsd/surefire-test-report-3.0.xsd" version="3.0" name="TestSuite" time="0.665" tests="4" errors="0" skipped="0" failures="0">
  <properties>
[...]
</properties>
  <testcase name="testMethod1" classname="mavenTestGroupID.MavenTest2022.TestNG_ListenersTest3" time="0.005">
    <system-out><![CDATA[CustomListener3 onStart: before suite starts
TestNG_ListenersTest3 Code in Before Class
TestNG_ListenersTest3 Code in testMethod1
]]></system-out>
    <system-err><![CDATA[SLF4J: Failed to load class "org.slf4j.impl.StaticLoggerBinder".
SLF4J: Defaulting to no-operation (NOP) logger implementation
SLF4J: See http://www.slf4j.org/codes.html#StaticLoggerBinder for further details.
]]></system-err>
  </testcase>
  <testcase name="testMethod2" classname="mavenTestGroupID.MavenTest2022.TestNG_ListenersTest3" time="0.001">
    <system-out><![CDATA[TestNG_ListenersTest3 Code in testMethod2
]]></system-out>
  </testcase>
  <testcase name="testMethod1" classname="mavenTestGroupID.MavenTest2022.TestNG_ListenersTest4" time="0.001">
    <system-out><![CDATA[TestNG_ListenersTest3 Code in After Class
TestNG_ListenersTest4 Code in Before Class
TestNG_ListenersTest4 Code in testMethod1
]]></system-out>
  </testcase>
  <testcase name="testMethod2" classname="mavenTestGroupID.MavenTest2022.TestNG_ListenersTest4" time="0.002">
    <system-out><![CDATA[TestNG_ListenersTest4 Code in testMethod2
]]></system-out>
  </testcase>
</testsuite>