<?xml version="1.0" encoding="UTF-8"?>
<testng-results ignored="0" total="1" passed="1" failed="0" skipped="0">
  <reporter-output>
  </reporter-output>
  <suite started-at="2022-08-19T12:42:03 PDT" name="ExtentReports___________abcTestSuite" finished-at="2022-08-19T12:42:23 PDT" duration-ms="20462">
    <groups>
    </groups>
    <test started-at="2022-08-19T12:42:03 PDT" name="ExtentReportsDemo1___________Test" finished-at="2022-08-19T12:42:23 PDT" duration-ms="20462">
      <class name="mavenTestGroupID.MavenTest2022.ExtentReportsDemo1">
        <test-method is-config="true" signature="setUp()[pri:0, instance:mavenTestGroupID.MavenTest2022.ExtentReportsDemo1@66d3eec0]" started-at="2022-08-19T12:42:03 PDT" name="setUp" finished-at="2022-08-19T12:42:08 PDT" duration-ms="4530" status="PASS">
          <reporter-output>
          </reporter-output>
        </test-method> <!-- setUp -->
        <test-method signature="test1_validLoginTest()[pri:0, instance:mavenTestGroupID.MavenTest2022.ExtentReportsDemo1@66d3eec0]" started-at="2022-08-19T12:42:08 PDT" name="test1_validLoginTest" finished-at="2022-08-19T12:42:21 PDT" duration-ms="12934" status="PASS">
          <reporter-output>
          </reporter-output>
        </test-method> <!-- test1_validLoginTest -->
        <test-method is-config="true" signature="tearDown()[pri:0, instance:mavenTestGroupID.MavenTest2022.ExtentReportsDemo1@66d3eec0]" started-at="2022-08-19T12:42:21 PDT" name="tearDown" finished-at="2022-08-19T12:42:23 PDT" duration-ms="2963" status="PASS">
          <reporter-output>
          </reporter-output>
        </test-method> <!-- tearDown -->
      </class> <!-- mavenTestGroupID.MavenTest2022.ExtentReportsDemo1 -->
    </test> <!-- ExtentReportsDemo1___________Test -->
  </suite> <!-- ExtentReports___________abcTestSuite -->
</testng-results>
